=== Specters Manager - Sat, Jun 28, 2025  2:46:06 PM ===
=== Specters Manager - Sat, Jun 28, 2025  2:46:15 PM ===
[2025-06-28 14:46:15] [INFO] Démarrage complet de l'application Specters...
[2025-06-28 14:46:15] [INFO] Vérification des prérequis...
[2025-06-28 14:46:15] [ERROR] Node.js n'est pas installé
=== Specters Manager - Sat, Jun 28, 2025  2:51:33 PM ===
=== Specters Manager - Sat, Jun 28, 2025  2:51:48 PM ===
[2025-06-28 14:51:48] [INFO] Démarrage complet de l'application Specters...
[2025-06-28 14:51:48] [INFO] Vérification des prérequis...
[2025-06-28 14:51:48] [ERROR] Node.js n'est pas installé
=== Specters Manager - Sat, Jun 28, 2025  2:52:46 PM ===
[2025-06-28 14:52:46] [INFO] Démarrage complet de l'application Specters...
[2025-06-28 14:52:46] [INFO] Vérification des prérequis...
[2025-06-28 14:52:46] [ERROR] Node.js n'est pas installé
=== Specters Manager - Sat, Jun 28, 2025  3:03:16 PM ===
[2025-06-28 15:03:16] [INFO] Démarrage complet de l'application Specters...
[2025-06-28 15:03:16] [INFO] Vérification des prérequis...
[2025-06-28 15:03:16] [DEBUG] Node.js version: 24.3.0 ✓
[2025-06-28 15:03:16] [DEBUG] pnpm version: 10.6.1 ✓
[2025-06-28 15:03:17] [DEBUG] Docker version: Docker version 28.2.2, build e6534b4 ✓
[2025-06-28 15:03:17] [DEBUG] Docker Compose disponible ✓
[2025-06-28 15:03:17] [SUCCESS] Tous les prérequis sont satisfaits
[2025-06-28 15:03:17] [INFO] Démarrage des services Docker...
[2025-06-28 15:03:17] [INFO] Attente du service PostgreSQL sur le port 5432...
[2025-06-28 15:03:28] [DEBUG] Attente PostgreSQL... (10/30s)
[2025-06-28 15:03:38] [DEBUG] Attente PostgreSQL... (20/30s)
[2025-06-28 15:03:49] [DEBUG] Attente PostgreSQL... (30/30s)
[2025-06-28 15:03:49] [ERROR] Timeout: PostgreSQL n'est pas disponible sur le port 5432
[2025-06-28 15:03:49] [INFO] Attente du service Redis sur le port 6379...
[2025-06-28 15:03:59] [DEBUG] Attente Redis... (10/30s)
[2025-06-28 15:04:10] [DEBUG] Attente Redis... (20/30s)
[2025-06-28 15:04:20] [DEBUG] Attente Redis... (30/30s)
[2025-06-28 15:04:20] [ERROR] Timeout: Redis n'est pas disponible sur le port 6379
[2025-06-28 15:04:20] [SUCCESS] Services Docker démarrés
[2025-06-28 15:04:20] [INFO] Installation des dépendances...
[2025-06-28 15:04:26] [SUCCESS] Dépendances installées
[2025-06-28 15:04:26] [INFO] Configuration de la base de données...
[2025-06-28 15:04:30] [SUCCESS] Base de données configurée
[2025-06-28 15:04:30] [INFO] Démarrage du backend...
[2025-06-28 15:04:30] [DEBUG] PID 3363 sauvegardé pour backend
[2025-06-28 15:04:30] [INFO] Attente du service Backend sur le port 3000...
[2025-06-28 15:04:41] [DEBUG] Attente Backend... (10/60s)
[2025-06-28 15:04:51] [DEBUG] Attente Backend... (20/60s)
[2025-06-28 15:05:01] [DEBUG] Attente Backend... (30/60s)
[2025-06-28 15:05:12] [DEBUG] Attente Backend... (40/60s)
[2025-06-28 15:05:22] [DEBUG] Attente Backend... (50/60s)
[2025-06-28 15:05:33] [DEBUG] Attente Backend... (60/60s)
[2025-06-28 15:05:33] [ERROR] Timeout: Backend n'est pas disponible sur le port 3000
[2025-06-28 15:05:33] [ERROR] Échec du démarrage du backend
=== Specters Manager (Fixed) - Sat, Jun 28, 2025  3:09:49 PM ===
=== Specters Manager (Fixed) - Sat, Jun 28, 2025  3:10:12 PM ===
[2025-06-28 15:10:12] [INFO] Démarrage complet de l'application Specters...
[2025-06-28 15:10:12] [DEBUG] Fichier PID nettoyé
[2025-06-28 15:10:12] [INFO] Vérification des prérequis...
[2025-06-28 15:10:12] [WARN] Node.js version 24.3.0 détectée. Version recommandée: 20.x.x
[2025-06-28 15:10:12] [WARN] L'application peut fonctionner mais des avertissements peuvent apparaître
[2025-06-28 15:10:12] [DEBUG] Node.js version: 24.3.0
[2025-06-28 15:10:13] [DEBUG] pnpm version: 10.6.1 ✓
[2025-06-28 15:10:13] [DEBUG] Docker version: Docker version 28.2.2, build e6534b4 ✓
[2025-06-28 15:10:13] [DEBUG] Docker Compose disponible ✓
[2025-06-28 15:10:13] [SUCCESS] Tous les prérequis sont satisfaits
[2025-06-28 15:10:13] [INFO] Démarrage des services Docker...
[2025-06-28 15:10:13] [INFO] Attente de l'initialisation des services Docker...
[2025-06-28 15:10:19] [INFO] Attente du service PostgreSQL sur le port 5432...
[2025-06-28 15:10:20] [SUCCESS] PostgreSQL est disponible sur le port 5432
[2025-06-28 15:10:20] [SUCCESS] PostgreSQL est prêt
[2025-06-28 15:10:20] [INFO] Attente du service Redis sur le port 6379...
[2025-06-28 15:10:21] [SUCCESS] Redis est disponible sur le port 6379
[2025-06-28 15:10:21] [SUCCESS] Redis est prêt
[2025-06-28 15:10:21] [SUCCESS] Services Docker démarrés
[2025-06-28 15:10:21] [INFO] Installation des dépendances...
[2025-06-28 15:10:27] [ERROR] Échec de l'installation des dépendances
[2025-06-28 15:10:27] [ERROR] Échec de l'installation des dépendances
=== Specters Manager (Fixed) - Sat, Jun 28, 2025  3:10:38 PM ===
[2025-06-28 15:10:38] [INFO] Arrêt complet de l'application Specters...
[2025-06-28 15:10:38] [INFO] Nettoyage des processus orphelins...
[2025-06-28 15:10:38] [INFO] Arrêt des services Docker...
[2025-06-28 15:10:39] [SUCCESS] Services Docker arrêtés
[2025-06-28 15:10:39] [SUCCESS] Application Specters arrêtée
=== Specters Manager (Fixed) - Sat, Jun 28, 2025  3:12:28 PM ===
=== Specters Manager (Fixed) - Sat, Jun 28, 2025  3:14:29 PM ===
[2025-06-28 15:14:29] [INFO] Démarrage complet de l'application Specters...
[2025-06-28 15:14:29] [INFO] Vérification des prérequis...
[2025-06-28 15:14:29] [WARN] Node.js version 24.3.0 détectée. Version recommandée: 20.x.x
[2025-06-28 15:14:29] [WARN] L'application peut fonctionner mais des avertissements peuvent apparaître
[2025-06-28 15:14:29] [DEBUG] Node.js version: 24.3.0
[2025-06-28 15:14:29] [DEBUG] pnpm version: 10.6.1 ✓
[2025-06-28 15:14:30] [DEBUG] Docker version: Docker version 28.2.2, build e6534b4 ✓
[2025-06-28 15:14:30] [DEBUG] Docker Compose disponible ✓
[2025-06-28 15:14:30] [SUCCESS] Tous les prérequis sont satisfaits
[2025-06-28 15:14:30] [INFO] Démarrage des services Docker...
[2025-06-28 15:14:30] [INFO] Attente de l'initialisation des services Docker...
[2025-06-28 15:14:35] [INFO] Attente du service PostgreSQL sur le port 5432...
[2025-06-28 15:14:36] [SUCCESS] PostgreSQL est disponible sur le port 5432
[2025-06-28 15:14:36] [SUCCESS] PostgreSQL est prêt
[2025-06-28 15:14:36] [INFO] Attente du service Redis sur le port 6379...
[2025-06-28 15:14:37] [SUCCESS] Redis est disponible sur le port 6379
[2025-06-28 15:14:37] [SUCCESS] Redis est prêt
[2025-06-28 15:14:37] [SUCCESS] Services Docker démarrés
[2025-06-28 15:14:37] [INFO] Installation des dépendances...
[2025-06-28 15:14:44] [ERROR] Échec de l'installation des dépendances
[2025-06-28 15:14:44] [ERROR] Échec de l'installation des dépendances
